0 info it worked if it ends with ok
1 verbose cli [ '/Users/kumagaya/.anyenv/envs/ndenv/versions/v6.9.1/bin/node',
1 verbose cli   '/Users/kumagaya/.anyenv/envs/ndenv/versions/v6.9.1/bin/npm',
1 verbose cli   'run',
1 verbose cli   'test' ]
2 info using npm@3.10.10
3 info using node@v6.9.1
4 verbose run-script [ 'pretest', 'test', 'posttest' ]
5 info lifecycle stylelint-lint-staged-error@0.1.0~pretest: stylelint-lint-staged-error@0.1.0
6 silly lifecycle stylelint-lint-staged-error@0.1.0~pretest: no script for pretest, continuing
7 info lifecycle stylelint-lint-staged-error@0.1.0~test: stylelint-lint-staged-error@0.1.0
8 verbose lifecycle stylelint-lint-staged-error@0.1.0~test: unsafe-perm in lifecycle true
9 verbose lifecycle stylelint-lint-staged-error@0.1.0~test: PATH: /Users/kumagaya/.anyenv/envs/ndenv/versions/v6.9.1/lib/node_modules/npm/bin/node-gyp-bin:/Users/kumagaya/others/stylelint-lint-staged-error/assets/node_modules/.bin:/Users/kumagaya/.anyenv/envs/ndenv/versions/v6.9.1/bin:/Users/kumagaya/.anyenv/envs/ndenv/libexec:/Users/kumagaya/.anyenv/envs/ndenv/plugins/node-build/bin:/usr/local/Cellar/zplug/2.4.1/bin:/usr/local/opt/zplug/bin:/Users/kumagaya/.anyenv/envs/rbenv/shims:/Users/kumagaya/.anyenv/envs/rbenv/bin:/Users/kumagaya/.anyenv/envs/pyenv/shims:/Users/kumagaya/.anyenv/envs/pyenv/bin:/Users/kumagaya/.anyenv/envs/ndenv/bin:/Users/kumagaya/others/flutter/bin:/Users/kumagaya/.cargo/bin:/Users/kumagaya/.anyenv/bin:/Users/kumagaya/.local/bin:/usr/local/bin:/usr/local/sbin:/usr/bin:/bin:/usr/sbin:/sbin:/Users/kumagaya/.anyenv/envs/ndenv/shims:/Users/kumagaya/go/bin:/Users/kumagaya/.yarn/bin
10 verbose lifecycle stylelint-lint-staged-error@0.1.0~test: CWD: /Users/kumagaya/others/stylelint-lint-staged-error/assets
11 silly lifecycle stylelint-lint-staged-error@0.1.0~test: Args: [ '-c', 'lint-staged' ]
12 silly lifecycle stylelint-lint-staged-error@0.1.0~test: Returned: code: 1  signal: null
13 info lifecycle stylelint-lint-staged-error@0.1.0~test: Failed to exec test script
14 verbose stack Error: stylelint-lint-staged-error@0.1.0 test: `lint-staged`
14 verbose stack Exit status 1
14 verbose stack     at EventEmitter.<anonymous> (/Users/kumagaya/.anyenv/envs/ndenv/versions/v6.9.1/lib/node_modules/npm/lib/utils/lifecycle.js:255:16)
14 verbose stack     at emitTwo (events.js:106:13)
14 verbose stack     at EventEmitter.emit (events.js:191:7)
14 verbose stack     at ChildProcess.<anonymous> (/Users/kumagaya/.anyenv/envs/ndenv/versions/v6.9.1/lib/node_modules/npm/lib/utils/spawn.js:40:14)
14 verbose stack     at emitTwo (events.js:106:13)
14 verbose stack     at ChildProcess.emit (events.js:191:7)
14 verbose stack     at maybeClose (internal/child_process.js:877:16)
14 verbose stack     at Process.ChildProcess._handle.onexit (internal/child_process.js:226:5)
15 verbose pkgid stylelint-lint-staged-error@0.1.0
16 verbose cwd /Users/kumagaya/others/stylelint-lint-staged-error/assets
17 error Darwin 16.7.0
18 error argv "/Users/kumagaya/.anyenv/envs/ndenv/versions/v6.9.1/bin/node" "/Users/kumagaya/.anyenv/envs/ndenv/versions/v6.9.1/bin/npm" "run" "test"
19 error node v6.9.1
20 error npm  v3.10.10
21 error code ELIFECYCLE
22 error stylelint-lint-staged-error@0.1.0 test: `lint-staged`
22 error Exit status 1
23 error Failed at the stylelint-lint-staged-error@0.1.0 test script 'lint-staged'.
23 error Make sure you have the latest version of node.js and npm installed.
23 error If you do, this is most likely a problem with the stylelint-lint-staged-error package,
23 error not with npm itself.
23 error Tell the author that this fails on your system:
23 error     lint-staged
23 error You can get information on how to open an issue for this project with:
23 error     npm bugs stylelint-lint-staged-error
23 error Or if that isn't available, you can get their info via:
23 error     npm owner ls stylelint-lint-staged-error
23 error There is likely additional logging output above.
24 verbose exit [ 1, true ]
